Microsoft (R) Macro Assembler Version 14.24.28319.0	    05/27/20 14:03:53
LP_Asm02.asm						     Page 1 - 1


				.586P
				.MODEL FLAT, STDCALL
				includelib kernel32.lib

				ExitProcess PROTO : DWORD
				MessageBoxA PROTO : DWORD, : DWORD, : DWORD, : DWORD

				.STACK 4096

 00000000			.CONST

 00000000			.DATA
 00000000 CC EE FF 20 E2	string1 byte "Моя вторая программа", 0
	   F2 EE F0 E0 FF
	   20 EF F0 EE E3
	   F0 E0 EC EC E0
	   00
 00000015 D0 E5 E7 F3 EB	string2 byte "Результат: "
	   FC F2 E0 F2 3A
	   20
 00000020 00 00			result byte ?, 0
 00000022 00000002		number1 dword 2h
 00000026 00000004		number2 dword 4h



 00000000			.CODE 

 00000000			main PROC
 00000000			START :

 00000000  A1 00000022 R		mov		eax, number1
 00000005  03 05 00000026 R		add		eax, number2
 0000000B  A2 00000020 R		mov		result, al
 00000010  80 05 00000020 R		add		result, '0'
	   30
					invoke	MessageBoxA, 0, offset string2, offset string1, 0

					invoke ExitProcess, -1

 00000031			main ENDP

				end main
Microsoft (R) Macro Assembler Version 14.24.28319.0	    05/27/20 14:03:53
LP_Asm02.asm						     Symbols 2 - 1




Segments and Groups:

                N a m e                 Size     Length   Align   Combine Class

CONST  . . . . . . . . . . . . .	32 Bit	 00000000 Para	  Public  'CONST'	 ReadOnly
FLAT . . . . . . . . . . . . . .	GROUP
STACK  . . . . . . . . . . . . .	32 Bit	 00001000 Para	  Stack	  'STACK'	 
_DATA  . . . . . . . . . . . . .	32 Bit	 0000002A Para	  Public  'DATA'	
_TEXT  . . . . . . . . . . . . .	32 Bit	 00000031 Para	  Public  'CODE'	


Procedures, parameters, and locals:

                N a m e                 Type     Value    Attr

ExitProcess  . . . . . . . . . .	P Near	 00000000 FLAT	Length= 00000000 External STDCALL
MessageBoxA  . . . . . . . . . .	P Near	 00000000 FLAT	Length= 00000000 External STDCALL
main . . . . . . . . . . . . . .	P Near	 00000000 _TEXT	Length= 00000031 Public STDCALL
  START  . . . . . . . . . . . .	L Near	 00000000 _TEXT	


Symbols:

                N a m e                 Type     Value    Attr

@CodeSize  . . . . . . . . . . .	Number	 00000000h   
@DataSize  . . . . . . . . . . .	Number	 00000000h   
@Interface . . . . . . . . . . .	Number	 00000003h   
@Model . . . . . . . . . . . . .	Number	 00000007h   
@code  . . . . . . . . . . . . .	Text   	 _TEXT
@data  . . . . . . . . . . . . .	Text   	 FLAT
@fardata?  . . . . . . . . . . .	Text   	 FLAT
@fardata . . . . . . . . . . . .	Text   	 FLAT
@stack . . . . . . . . . . . . .	Text   	 FLAT
number1  . . . . . . . . . . . .	DWord	 00000022 _DATA	
number2  . . . . . . . . . . . .	DWord	 00000026 _DATA	
result . . . . . . . . . . . . .	Byte	 00000020 _DATA	
string1  . . . . . . . . . . . .	Byte	 00000000 _DATA	
string2  . . . . . . . . . . . .	Byte	 00000015 _DATA	

	   0 Warnings
	   0 Errors
